\BOOKMARK [0][-]{chapter.1}{\376\377\0001\000\040\000D\000a\000t\000a\000\040\000S\000t\000r\000u\000c\000t\000u\000r\000e\000\040\000I\000n\000d\000e\000x}{}% 1
\BOOKMARK [1][-]{section.1.1}{\376\377\0001\000.\0001\000\040\000D\000a\000t\000a\000\040\000S\000t\000r\000u\000c\000t\000u\000r\000e\000s}{chapter.1}% 2
\BOOKMARK [0][-]{chapter.2}{\376\377\0002\000\040\000F\000i\000l\000e\000\040\000I\000n\000d\000e\000x}{}% 3
\BOOKMARK [1][-]{section.2.1}{\376\377\0002\000.\0001\000\040\000F\000i\000l\000e\000\040\000L\000i\000s\000t}{chapter.2}% 4
\BOOKMARK [0][-]{chapter.3}{\376\377\0003\000\040\000D\000a\000t\000a\000\040\000S\000t\000r\000u\000c\000t\000u\000r\000e\000\040\000D\000o\000c\000u\000m\000e\000n\000t\000a\000t\000i\000o\000n}{}% 5
\BOOKMARK [1][-]{section.3.1}{\376\377\0003\000.\0001\000\040\000p\000i\000n\000R\000e\000a\000d\000\040\000S\000t\000r\000u\000c\000t\000\040\000R\000e\000f\000e\000r\000e\000n\000c\000e}{chapter.3}% 6
\BOOKMARK [2][-]{subsection.3.1.1}{\376\377\0003\000.\0001\000.\0001\000\040\000D\000e\000t\000a\000i\000l\000e\000d\000\040\000D\000e\000s\000c\000r\000i\000p\000t\000i\000o\000n}{section.3.1}% 7
\BOOKMARK [2][-]{subsection.3.1.2}{\376\377\0003\000.\0001\000.\0002\000\040\000F\000i\000e\000l\000d\000\040\000D\000o\000c\000u\000m\000e\000n\000t\000a\000t\000i\000o\000n}{section.3.1}% 8
\BOOKMARK [3][-]{subsubsection.3.1.2.1}{\376\377\0003\000.\0001\000.\0002\000.\0001\000\040\000p\000i\000n}{subsection.3.1.2}% 9
\BOOKMARK [3][-]{subsubsection.3.1.2.2}{\376\377\0003\000.\0001\000.\0002\000.\0002\000\040\000v\000a\000l\000u\000e}{subsection.3.1.2}% 10
\BOOKMARK [0][-]{chapter.4}{\376\377\0004\000\040\000F\000i\000l\000e\000\040\000D\000o\000c\000u\000m\000e\000n\000t\000a\000t\000i\000o\000n}{}% 11
\BOOKMARK [1][-]{section.4.1}{\376\377\0004\000.\0001\000\040\000E\000:\000/\000A\000u\000l\000a\000s\000/\000P\000S\000E\000/\000e\000l\000c\0001\0000\0004\0008\000/\000P\000r\000o\000j\000e\000t\000o\000\137\000A\000v\0002\000/\000P\000F\000\137\000B\000u\000z\000z\000e\000r\000\137\000D\000o\000c\000/\000P\000F\000\137\000B\000u\000z\000z\000e\000r\000\137\000D\000o\000c\000.\000c\000\040\000F\000i\000l\000e\000\040\000R\000e\000f\000e\000r\000e\000n\000c\000e}{chapter.4}% 12
\BOOKMARK [2][-]{subsection.4.1.1}{\376\377\0004\000.\0001\000.\0001\000\040\000F\000u\000n\000c\000t\000i\000o\000n\000\040\000D\000o\000c\000u\000m\000e\000n\000t\000a\000t\000i\000o\000n}{section.4.1}% 13
\BOOKMARK [3][-]{subsubsection.4.1.1.1}{\376\377\0004\000.\0001\000.\0001\000.\0001\000\040\000l\000o\000o\000p\000\050\000\051}{subsection.4.1.1}% 14
\BOOKMARK [3][-]{subsubsection.4.1.1.2}{\376\377\0004\000.\0001\000.\0001\000.\0002\000\040\000s\000e\000t\000u\000p\000\050\000\051}{subsection.4.1.1}% 15
\BOOKMARK [3][-]{subsubsection.4.1.1.3}{\376\377\0004\000.\0001\000.\0001\000.\0003\000\040\000T\000a\000s\000k\000A\000n\000a\000l\000o\000g\000R\000e\000a\000d\000\050\000\051\000\040\000[\0001\000/\0002\000]}{subsection.4.1.1}% 16
\BOOKMARK [3][-]{subsubsection.4.1.1.4}{\376\377\0004\000.\0001\000.\0001\000.\0004\000\040\000T\000a\000s\000k\000A\000n\000a\000l\000o\000g\000R\000e\000a\000d\000\050\000\051\000\040\000[\0002\000/\0002\000]}{subsection.4.1.1}% 17
\BOOKMARK [3][-]{subsubsection.4.1.1.5}{\376\377\0004\000.\0001\000.\0001\000.\0005\000\040\000T\000a\000s\000k\000B\000u\000z\000z\000e\000r\000\050\000\051\000\040\000[\0001\000/\0002\000]}{subsection.4.1.1}% 18
\BOOKMARK [3][-]{subsubsection.4.1.1.6}{\376\377\0004\000.\0001\000.\0001\000.\0006\000\040\000T\000a\000s\000k\000B\000u\000z\000z\000e\000r\000\050\000\051\000\040\000[\0002\000/\0002\000]}{subsection.4.1.1}% 19
\BOOKMARK [3][-]{subsubsection.4.1.1.7}{\376\377\0004\000.\0001\000.\0001\000.\0007\000\040\000T\000a\000s\000k\000T\000e\000m\000p\000A\000t\000u\000a\000l\000\050\000\051\000\040\000[\0001\000/\0002\000]}{subsection.4.1.1}% 20
\BOOKMARK [3][-]{subsubsection.4.1.1.8}{\376\377\0004\000.\0001\000.\0001\000.\0008\000\040\000T\000a\000s\000k\000T\000e\000m\000p\000A\000t\000u\000a\000l\000\050\000\051\000\040\000[\0002\000/\0002\000]}{subsection.4.1.1}% 21
\BOOKMARK [3][-]{subsubsection.4.1.1.9}{\376\377\0004\000.\0001\000.\0001\000.\0009\000\040\000T\000a\000s\000k\000T\000e\000m\000p\000M\000e\000d\000i\000a\000\050\000\051\000\040\000[\0001\000/\0002\000]}{subsection.4.1.1}% 22
\BOOKMARK [3][-]{subsubsection.4.1.1.10}{\376\377\0004\000.\0001\000.\0001\000.\0001\0000\000\040\000T\000a\000s\000k\000T\000e\000m\000p\000M\000e\000d\000i\000a\000\050\000\051\000\040\000[\0002\000/\0002\000]}{subsection.4.1.1}% 23
\BOOKMARK [2][-]{subsection.4.1.2}{\376\377\0004\000.\0001\000.\0002\000\040\000V\000a\000r\000i\000a\000b\000l\000e\000\040\000D\000o\000c\000u\000m\000e\000n\000t\000a\000t\000i\000o\000n}{section.4.1}% 24
\BOOKMARK [3][-]{subsubsection.4.1.2.1}{\376\377\0004\000.\0001\000.\0002\000.\0001\000\040\000b\000u\000f\000f\000e\000r\000T\000e\000m\000p}{subsection.4.1.2}% 25
\BOOKMARK [3][-]{subsubsection.4.1.2.2}{\376\377\0004\000.\0001\000.\0002\000.\0002\000\040\000f\000l\000a\000g}{subsection.4.1.2}% 26
\BOOKMARK [3][-]{subsubsection.4.1.2.3}{\376\377\0004\000.\0001\000.\0002\000.\0003\000\040\000i}{subsection.4.1.2}% 27
\BOOKMARK [3][-]{subsubsection.4.1.2.4}{\376\377\0004\000.\0001\000.\0002\000.\0004\000\040\000k}{subsection.4.1.2}% 28
\BOOKMARK [3][-]{subsubsection.4.1.2.5}{\376\377\0004\000.\0001\000.\0002\000.\0005\000\040\000p\000i\000n\000B\000u\000z\000z\000e\000r}{subsection.4.1.2}% 29
\BOOKMARK [3][-]{subsubsection.4.1.2.6}{\376\377\0004\000.\0001\000.\0002\000.\0006\000\040\000s\000t\000r\000u\000c\000t\000Q\000u\000e\000u\000e}{subsection.4.1.2}% 30
\BOOKMARK [3][-]{subsubsection.4.1.2.7}{\376\377\0004\000.\0001\000.\0002\000.\0007\000\040\000x\000S\000e\000r\000i\000a\000l\000S\000e\000m\000a\000p\000h\000o\000r\000e}{subsection.4.1.2}% 31
\BOOKMARK [0][-]{section*.5}{\376\377\000I\000n\000d\000e\000x}{}% 32
